Command line:
   TB_Profibus_Recieve_isim_beh.exe
     -simmode  gui
     -simrunnum  0
     -socket  52603

Tue Aug 02 09:04:13 2022


 Elaboration Time: 0.046875 sec

 Current Memory Usage: 5154.48 Meg

 Total Signals          : 33
 Total Nets             : 2365
 Total Signal Drivers   : 17
 Total Blocks           : 5
 Total Primitive Blocks : 4
 Total Processes        : 3
 Total Traceable Variables  : 21
 Total Scalar Nets and Variables : 2929
Total Line Count : 104

** Failure:Assertion violation
User(VHDL) Code Called Simulation Stop
In process TB_Profibus_Recieve.vhd:SD1 
 

