Command line:
   TB_Profibus_Unit_isim_beh.exe
     -simmode  gui
     -simrunnum  0
     -socket  52158

Wed Aug 10 10:57:59 2022


 Elaboration Time: 0.078125 sec

 Current Memory Usage: 5154.55 Meg

 Total Signals          : 146
 Total Nets             : 2318
 Total Signal Drivers   : 69
 Total Blocks           : 27
 Total Primitive Blocks : 23
 Total Processes        : 31
 Total Traceable Variables  : 43
 Total Scalar Nets and Variables : 2904
Total Line Count : 436

** Failure:Assertion violation
User(VHDL) Code Called Simulation Stop
In process TB_Profibus_Unit.vhd:stim_proc 
 


 Total Simulation Time: 2.60938 sec

 Current Memory Usage: 4839.97 Meg

Thu Aug 11 08:49:47 2022

