Command line:
   TB_Profibus_Transmitter_isim_beh.exe
     -simmode  gui
     -simrunnum  0
     -socket  62416

Wed Aug 10 08:54:08 2022


 Elaboration Time: 0.09375 sec

 Current Memory Usage: 5154.55 Meg

 Total Signals          : 35
 Total Nets             : 2137
 Total Signal Drivers   : 16
 Total Blocks           : 5
 Total Primitive Blocks : 4
 Total Processes        : 5
 Total Traceable Variables  : 21
 Total Scalar Nets and Variables : 2701
Total Line Count : 214

** Failure:Assertion violation
User(VHDL) Code Called Simulation Stop
In process TB_Profibus_Transmitter.vhd:stim_proc 
 


 Total Simulation Time: 0.1875 sec

 Current Memory Usage: 4682.69 Meg

Wed Aug 10 08:56:26 2022

