Running: C:\Xilinx\14.7\ISE_DS\ISE\bin\nt64\unwrapped\fuse.exe -intstyle ise -incremental -lib secureip -o C:/UserData/z003xazw/Documents/GitHub/ProfibusVhdl/Profibus_Transmitter/VHDL_Implementation/Profibus_Transmitter/TB_Profibus_Transmitter_isim_beh.exe -prj C:/UserData/z003xazw/Documents/GitHub/ProfibusVhdl/Profibus_Transmitter/VHDL_Implementation/Profibus_Transmitter/TB_Profibus_Transmitter_beh.prj work.TB_Profibus_Transmitter 
ISim P.20131013 (signature 0x7708f090)
Number of CPUs detected in this system: 4
Turning on mult-threading, number of parallel sub-compilation jobs: 8 
Determining compilation order of HDL files
Parsing VHDL file "C:/UserData/z003xazw/Documents/GitHub/ProfibusVhdl/Profibus_Transmitter/VHDL_Implementation/Profibus_Transmitter/Profibus_Constants.vhd" into library work
Parsing VHDL file "C:/UserData/z003xazw/Documents/GitHub/ProfibusVhdl/Profibus_Transmitter/VHDL_Implementation/Profibus_Transmitter/Profibus_Transmitter.vhd" into library work
Parsing VHDL file "C:/UserData/z003xazw/Documents/GitHub/ProfibusVhdl/Profibus_Transmitter/VHDL_Implementation/Profibus_Transmitter/TB_Profibus_Transmitter.vhd" into library work
Starting static elaboration
Completed static elaboration
Compiling package standard
Compiling package std_logic_1164
Compiling package numeric_std
Compiling package profibus_constants
Compiling architecture behavioral of entity Profibus_Transmitter [profibus_transmitter_default]
Compiling architecture behavior of entity tb_profibus_transmitter
Time Resolution for simulation is 1ps.
Waiting for 1 sub-compilation(s) to finish...
Compiled 7 VHDL Units
Built simulation executable C:/UserData/z003xazw/Documents/GitHub/ProfibusVhdl/Profibus_Transmitter/VHDL_Implementation/Profibus_Transmitter/TB_Profibus_Transmitter_isim_beh.exe
Fuse Memory Usage: 36512 KB
Fuse CPU Usage: 546 ms
