ISim log file
Running: C:\UserData\z003xazw\Documents\GitHub\ProfibusVhdl\Profibus_Transmitter\VHDL_Implementation\Profibus_Transmitter\TB_Profibus_Transmitter_isim_beh.exe -intstyle ise -gui -tclbatch isim.cmd -wdb C:/UserData/z003xazw/Documents/GitHub/ProfibusVhdl/Profibus_Transmitter/VHDL_Implementation/Profibus_Transmitter/TB_Profibus_Transmitter_isim_beh.wdb 
ISim P.20131013 (signature 0x7708f090)
WARNING: A WEBPACK license was found.
WARNING: Please use Xilinx License Configuration Manager to check out a full ISim license.
WARNING: ISim will run in Lite mode. Please refer to the ISim documentation for more information on the differences between the Lite and the Full version.
This is a Lite version of ISim.
Time resolution is 1 ps
# onerror resume
# wave add /
# run 1000 ms
Simulator is doing circuit initialization process.
Finished circuit initialization process.

** Failure:Assertion violation
User(VHDL) Code Called Simulation Stop
In process TB_Profibus_Transmitter.vhd:stim_proc 
 
INFO: Simulator is stopped.
ISim P.20131013 (signature 0x7708f090)
WARNING: A WEBPACK license was found.
WARNING: Please use Xilinx License Configuration Manager to check out a full ISim license.
WARNING: ISim will run in Lite mode. Please refer to the ISim documentation for more information on the differences between the Lite and the Full version.
This is a Lite version of ISim.
# run 1000 ms
Simulator is doing circuit initialization process.
Finished circuit initialization process.

** Failure:Assertion violation
User(VHDL) Code Called Simulation Stop
In process TB_Profibus_Transmitter.vhd:stim_proc 
 
INFO: Simulator is stopped.
ISim P.20131013 (signature 0x7708f090)
WARNING: A WEBPACK license was found.
WARNING: Please use Xilinx License Configuration Manager to check out a full ISim license.
WARNING: ISim will run in Lite mode. Please refer to the ISim documentation for more information on the differences between the Lite and the Full version.
This is a Lite version of ISim.
# run 1000 ms
Simulator is doing circuit initialization process.
Finished circuit initialization process.

** Failure:Assertion violation
User(VHDL) Code Called Simulation Stop
In process TB_Profibus_Transmitter.vhd:stim_proc 
 
INFO: Simulator is stopped.
ISim P.20131013 (signature 0x7708f090)
WARNING: A WEBPACK license was found.
WARNING: Please use Xilinx License Configuration Manager to check out a full ISim license.
WARNING: ISim will run in Lite mode. Please refer to the ISim documentation for more information on the differences between the Lite and the Full version.
This is a Lite version of ISim.
# run 1000 ms
Simulator is doing circuit initialization process.
Finished circuit initialization process.

** Failure:Assertion violation
User(VHDL) Code Called Simulation Stop
In process TB_Profibus_Transmitter.vhd:stim_proc 
 
INFO: Simulator is stopped.
# restart
# run all
Simulator is doing circuit initialization process.
Finished circuit initialization process.

** Failure:Assertion violation
User(VHDL) Code Called Simulation Stop
In process TB_Profibus_Transmitter.vhd:stim_proc 
 
INFO: Simulator is stopped.
ISim P.20131013 (signature 0x7708f090)
WARNING: A WEBPACK license was found.
WARNING: Please use Xilinx License Configuration Manager to check out a full ISim license.
WARNING: ISim will run in Lite mode. Please refer to the ISim documentation for more information on the differences between the Lite and the Full version.
This is a Lite version of ISim.
# run 1000 ms
Simulator is doing circuit initialization process.
Finished circuit initialization process.

** Failure:Assertion violation
User(VHDL) Code Called Simulation Stop
In process TB_Profibus_Transmitter.vhd:stim_proc 
 
INFO: Simulator is stopped.
ISim P.20131013 (signature 0x7708f090)
WARNING: A WEBPACK license was found.
WARNING: Please use Xilinx License Configuration Manager to check out a full ISim license.
WARNING: ISim will run in Lite mode. Please refer to the ISim documentation for more information on the differences between the Lite and the Full version.
This is a Lite version of ISim.
# run 1000 ms
Simulator is doing circuit initialization process.
Finished circuit initialization process.

** Failure:Assertion violation
User(VHDL) Code Called Simulation Stop
In process TB_Profibus_Transmitter.vhd:stim_proc 
 
INFO: Simulator is stopped.
ISim P.20131013 (signature 0x7708f090)
WARNING: A WEBPACK license was found.
WARNING: Please use Xilinx License Configuration Manager to check out a full ISim license.
WARNING: ISim will run in Lite mode. Please refer to the ISim documentation for more information on the differences between the Lite and the Full version.
This is a Lite version of ISim.
# run 1000 ms
Simulator is doing circuit initialization process.
Finished circuit initialization process.

** Failure:Assertion violation
User(VHDL) Code Called Simulation Stop
In process TB_Profibus_Transmitter.vhd:stim_proc 
 
INFO: Simulator is stopped.
ISim P.20131013 (signature 0x7708f090)
WARNING: A WEBPACK license was found.
WARNING: Please use Xilinx License Configuration Manager to check out a full ISim license.
WARNING: ISim will run in Lite mode. Please refer to the ISim documentation for more information on the differences between the Lite and the Full version.
This is a Lite version of ISim.
# run 1000 ms
Simulator is doing circuit initialization process.
Finished circuit initialization process.

** Failure:Assertion violation
User(VHDL) Code Called Simulation Stop
In process TB_Profibus_Transmitter.vhd:stim_proc 
 
INFO: Simulator is stopped.
