Command line:
   TB_Profibus_UART_isim_beh.exe
     -simmode  gui
     -simrunnum  0
     -socket  51669

Wed Aug 10 10:07:13 2022


 Elaboration Time: 0.046875 sec

 Current Memory Usage: 5150.25 Meg

 Total Signals          : 65
 Total Nets             : 109
 Total Signal Drivers   : 45
 Total Blocks           : 22
 Total Primitive Blocks : 19
 Total Processes        : 29
 Total Traceable Variables  : 31
 Total Scalar Nets and Variables : 492
Total Line Count : 119

** Failure:Assertion violation
User(VHDL) Code Called Simulation Stop
In process TB_Profibus_UART.vhd:stim_proc 
 


 Total Simulation Time: 0.609375 sec

 Current Memory Usage: 4992.97 Meg

Wed Aug 10 10:08:32 2022

